<?xml version="1.0" encoding="UTF-8"?>
<testng-results skipped="0" failed="0" ignored="0" total="1" passed="1">
  <reporter-output>
  </reporter-output>
  <suite name="Default suite" duration-ms="35365" started-at="2021-09-17T19:00:10 BST" finished-at="2021-09-17T19:00:45 BST">
    <groups>
    </groups>
    <test name="Default test" duration-ms="35365" started-at="2021-09-17T19:00:10 BST" finished-at="2021-09-17T19:00:45 BST">
      <class name="com.autoinnomation.test.AutomateWeatherAppWindows">
        <test-method status="PASS" signature="setUp()[pri:0, instance:com.autoinnomation.test.AutomateWeatherAppWindows@536aaa8d]" name="setUp" is-config="true" duration-ms="7908" started-at="2021-09-17T19:00:10 BST" finished-at="2021-09-17T19:00:18 BST">
          <reporter-output>
          </reporter-output>
        </test-method> <!-- setUp -->
        <test-method status="PASS" signature="testWeatherApp()[pri:0, instance:com.autoinnomation.test.AutomateWeatherAppWindows@536aaa8d]" name="testWeatherApp" duration-ms="27198" started-at="2021-09-17T19:00:18 BST" finished-at="2021-09-17T19:00:45 BST">
          <reporter-output>
          </reporter-output>
        </test-method> <!-- testWeatherApp -->
        <test-method status="PASS" signature="tearDown()[pri:0, instance:com.autoinnomation.test.AutomateWeatherAppWindows@536aaa8d]" name="tearDown" is-config="true" duration-ms="213" started-at="2021-09-17T19:00:45 BST" finished-at="2021-09-17T19:00:45 BST">
          <reporter-output>
          </reporter-output>
        </test-method> <!-- tearDown -->
      </class> <!-- com.autoinnomation.test.AutomateWeatherAppWindows -->
    </test> <!-- Default test -->
  </suite> <!-- Default suite -->
</testng-results>
